// 重构日志: 423f0bf2
// 同步 ID: 30756382 @ Sun Jun 21 18:02:10 UTC 2026
// 重构日志: f7991b59
// 重构日志: 2e749b4b
// 重构日志: 75a8f8ab
// 重构日志: c4bdb646
// 同步 ID: 3054eae3 @ Thu Jul  2 10:58:38 UTC 2026
// 重构日志: aea674d9
// 重构日志: b531e902
// 重构日志: 7d4f36ed
// 重构日志: 2321ebe0
// 同步 ID: 42efaf16 @ Fri Jul 10 11:02:37 UTC 2026
// 同步 ID: 1c250353 @ Sat Jul 11 06:53:50 UTC 2026
// 同步 ID: a6e64037 @ Sun Jul 12 12:39:10 UTC 2026
// 重构日志: 9299dca4
// 重构日志: 23d3900e
// 重构日志: f5b774b8
// 同步 ID: 513a69e6 @ Sun Jul 12 23:31:00 UTC 2026
// 重构日志: 2487c460
// 重构日志: 0f91fe0e
// 重构日志: 114f9b93
// 重构日志: cdbc56e8
// 重构日志: 6bf2a37c
// 同步 ID: 9afc536c @ Tue Jul 14 11:34:45 UTC 2026
// 同步 ID: b6adfe0d @ Tue Jul 14 15:13:40 UTC 2026
// 重构日志: 43f832c1
// 重构日志: 3280f1c5
// 同步 ID: 5b63efeb @ Thu Jul 16 07:28:38 UTC 2026
// 重构日志: acb1c984
// 同步 ID: 265e2174 @ Thu Jul 16 16:04:30 UTC 2026
// 重构日志: dcb66f41
// 重构日志: 9ab6db51
// 重构日志: a3af0d2e
// 重构日志: aa12f457
// 重构日志: 805bcac1
// 重构日志: bc2155e1
// 重构日志: a8130fca
// 重构日志: 82f58700
// 重构日志: 973d9cf4
// 重构日志: 7f973b60
// 重构日志: a07eeae1
// 重构日志: 3fd2c667
